4614	BKPR	medium_airport	Pristina Adem Jashari International	42.5728	21.035801	1789	EU	XK	XK-01	Prishtina	yes	BKPR	PRN		http://www.airportpristina.com/	https://en.wikipedia.org/wiki/Pristina_I	LYPR, Pristina, Slatina Air Base	Kosovo	4
2155	EBBR	large_airport	Brussels Airport	50.901401519800004	4.48443984985	184	EU	BE	BE-BRU	Brussels	yes	EBBR	BRU		http://www.brusselsairport.be/en/	https://en.wikipedia.org/wiki/Brussels_A		Belgia	50
301881	EDDB	large_airport	Berlin Brandenburg Airport	52.351389	13.493889	157	EU	DE	DE-BR	Berlin	yes	EDDB	BER		https://ber.berlin-airport.de/	https://en.wikipedia.org/wiki/Berlin_Bra		Saksa	54
2301	EETN	large_airport	Lennart Meri Tallinn Airport	59.41329956049999	24.832799911499997	131	EU	EE	EE-37	Tallinn	yes	EETN	TLL		http://www.tallinn-airport.ee/eng	https://en.wikipedia.org/wiki/Tallinn_Ai		Viro	26
2307	EFHK	large_airport	Helsinki Vantaa Airport	60.3172	24.963301	179	EU	FI	FI-18	Helsinki	yes	EFHK	HEL		http://www.finavia.fi/en/helsinki-airpor	https://en.wikipedia.org/wiki/Helsinki_A		Suomi	56
2434	EGLL	large_airport	London Heathrow Airport	51.4706	-0.461941	83	EU	GB	GB-ENG	London	yes	EGLL	LHR		http://www.heathrowairport.com/	https://en.wikipedia.org/wiki/Heathrow_A	LON, Londres	Yhdistynyt kuningaskunta	46
2513	EHAM	large_airport	Amsterdam Airport Schiphol	52.308601	4.76389	-11	EU	NL	NL-NH	Amsterdam	yes	EHAM	AMS		http://www.schiphol.nl/	https://en.wikipedia.org/wiki/Amsterdam_		Alankomaat	62
2533	EIDW	large_airport	Dublin Airport	53.421299	-6.27007	242	EU	IE	IE-D	Dublin	yes	EIDW	DUB		http://www.dublinairport.com/	https://en.wikipedia.org/wiki/Dublin_Air	Aerfort Bhaile Átha Cliath	Irlanti	95
2542	EKCH	large_airport	Copenhagen Kastrup Airport	55.617900848389	12.656000137329	17	EU	DK	DK-84	Copenhagen	yes	EKCH	CPH		http://www.cph.dk/en/	https://en.wikipedia.org/wiki/Copenhagen	København, Malmö	Tanska	67
2578	ENGM	large_airport	Oslo Airport, Gardermoen	60.193901	11.1004	681	EU	NO	NO-30	Oslo	yes	ENGM	OSL		https://avinor.no/en/airport/oslo-airpor	https://en.wikipedia.org/wiki/Oslo_Airpo		Norja	82
2637	EPWA	large_airport	Warsaw Chopin Airport	52.1656990051	20.967100143399996	362	EU	PL	PL-MZ	Warsaw	yes	EPWA	WAW		http://www.lotnisko-chopina.pl/?lang=en	https://en.wikipedia.org/wiki/Warsaw_Fre	Ok?cie	Puola	15
2701	ESSA	large_airport	Stockholm-Arlanda Airport	59.651901245117	17.918600082397	137	EU	SE	SE-AB	Stockholm	yes	ESSA	ARN		http://www.swedavia.se/arlanda/	https://en.wikipedia.org/wiki/Stockholm-		Ruotsi	60
2758	EVRA	large_airport	Riga International Airport	56.92359924316406	23.971099853515625	36	EU	LV	LV-RIX	Riga	yes	EVRA	RIX		http://www.riga-airport.com/	https://en.wikipedia.org/wiki/Riga_Inter		Latvia	20
2766	EYVI	large_airport	Vilnius International Airport	54.634102	25.285801	648	EU	LT	LT-VL	Vilnius	yes	EYVI	VNO		http://www.vilnius-airport.lt/en/	https://en.wikipedia.org/wiki/Vilnius_In		Liettua	22
3972	LATI	large_airport	Tirana International Airport Mother Tere	41.4146995544	19.7206001282	126	EU	AL	AL-11	Tirana	yes	LATI	TIA		http://www.tirana-airport.com/	https://en.wikipedia.org/wiki/Tirana_Int	Rinas International Airport, Aeroporti N	Albania	6
3993	LDZA	large_airport	Zagreb Airport	45.7429008484	16.0687999725	353	EU	HR	HR-21	Zagreb	yes	LDZA	ZAG			https://en.wikipedia.org/wiki/Zagreb_Air	Pleso	Kroatia	16
4019	LEMD	large_airport	Adolfo Suárez Madrid–Barajas Airport	40.471926	-3.56264	1998	EU	ES	ES-M	Madrid	yes	LEMD	MAD		https://www.aena.es/en/adolfo-suarez-mad	https://en.wikipedia.org/wiki/Adolfo_Su%	Leganés, Madrid Barajas International Ai	Espanja	31
4185	LFPG	large_airport	Charles de Gaulle International Airport	49.012798	2.55	392	EU	FR	FR-IDF	Paris	yes	LFPG	CDG		http://www.aeroportsdeparis.fr/	https://en.wikipedia.org/wiki/Charles_de	PAR, Aéroport Roissy-Charles de Gaulle, 	Ranska	45
4251	LGAV	large_airport	Athens Eleftherios Venizelos Internation	37.936401	23.9445	308	EU	GR	GR-A1	Athens	yes	LGAV	ATH		http://www.aia.gr	https://en.wikipedia.org/wiki/Athens_Int		Kreikka	20
4296	LHBP	large_airport	Budapest Liszt Ferenc International Airp	47.42976	19.261093	495	EU	HU	HU-PE	Budapest	yes	LHBP	BUD		http://www.bud.hu/english	https://en.wikipedia.org/wiki/Budapest_F	Ferihegyi nemzetközi repül?tér, Budapest	Unkari	18
46548	LIKD	small_airport	Torraccia Airfield	43.948895	12.511411	787	EU	SM	SM-03	Domagnano	no	LIKD		RSM01		https://it.wikipedia.org/wiki/Aviosuperf	Torraccia	San Marino	52
4372	LIRF	large_airport	Rome–Fiumicino Leonardo da Vinci Interna	41.804532	12.251998	13	EU	IT	IT-62	Rome	yes	LIRF	FCO	RM11	http://www.adr.it/portal/portal/adr/Fium	https://en.wikipedia.org/wiki/Leonardo_d	ROM, Rome Fiumicino Airport, Fiumicino A	Italia	35
4386	LJLJ	large_airport	Ljubljana Jože Pu?nik Airport	46.223701	14.4576	1273	EU	SI	SI-061	Ljubljana	yes	LJLJ	LJU		http://www.lju-airport.si/	https://en.wikipedia.org/wiki/Ljubljana_	Ljubljana, Brnik, Kranj	Slovenia	28
4408	LKPR	large_airport	Václav Havel Airport Prague	50.1008	14.26	1247	EU	CZ	CZ-PR	Prague	yes	LKPR	PRG		http://www.prg.aero	https://en.wikipedia.org/wiki/Ruzyn%C4%9	Letišt? Praha-Ruzyn?, Ruzyn? Internation	Tsekki	26
4427	LMML	large_airport	Malta International Airport	35.857498	14.4775	300	EU	MT	MT-25	Valletta	yes	LMML	MLA		http://www.maltairport.com/en/home.htm	https://en.wikipedia.org/wiki/Malta_Inte	Luqa Airport,Valletta,Gudja,RAF Luqa	Malta	32
4434	LOWW	large_airport	Vienna International Airport	48.110298	16.5697	600	EU	AT	AT-9	Vienna	yes	LOWW	VIE		http://www.viennaairport.com/en/	https://en.wikipedia.org/wiki/Vienna_Int		Itävalta	54
4461	LPPT	large_airport	Humberto Delgado Airport	38.7813	-9.13592	374	EU	PT	PT-11	Lisbon	yes	LPPT	LIS		http://www.ana.pt/en-US/Aeroportos/lisbo	https://en.wikipedia.org/wiki/Lisbon_Por	Lisboa	Portugali	25
4469	LQSA	medium_airport	Sarajevo International Airport	43.8246	18.331499	1708	EU	BA	BA-BIH	Sarajevo	yes	LQSA	SJJ		http://www.sarajevo-airport.ba/	https://en.wikipedia.org/wiki/Sarajevo_I		Bosnia ja Hertsegovina	7
4482	LROP	large_airport	Henri Coanda International Airport	44.5711111	26.085	314	EU	RO	RO-B	Bucharest	yes	LROP	OTP		http://www.bucharestairports.ro/en/	https://en.wikipedia.org/wiki/Henri_Coan	BUH, Otopeni Airport, RoAF 90th Airlift 	Romania	15
4505	LSZH	large_airport	Zürich Airport	47.458056	8.548056	1417	EU	CH	CH-ZH	Zurich	yes	LSZH	ZRH		http://www.zurich-airport.com/	https://en.wikipedia.org/wiki/Zurich_Air		Sveitsi	95
4571	LUKK	medium_airport	Chisinau International Airport	46.92770004272461	28.930999755859375	399	EU	MD	MD-C	Chi?in?u	yes	LUKK	KIV		http://www.airport.md/	https://en.wikipedia.org/wiki/Chi%C5%9Fi		Moldova	3
4573	LWSK	large_airport	Skopje International Airport	41.961601	21.621401	781	EU	MK	MK-004	Skopje	yes	LWSK	SKP		http://skp.airports.com.mk/	https://en.wikipedia.org/wiki/Skopje_Air		Pohjois-Makedonia	7
4610	LYBE	large_airport	Belgrade Nikola Tesla Airport	44.8184013367	20.3090991974	335	EU	RS	RS-00	Belgrade	yes	LYBE	BEG		http://www.beg.aero/	https://en.wikipedia.org/wiki/Belgrade_N	Beograd, Sur?in Airport	Serbia	9
4613	LYPG	large_airport	Podgorica Airport / Podgorica Golubovci 	42.359402	19.2519	141	EU	ME	ME-16	Podgorica	yes	LYPG	TGD		http://www.montenegroairports.com/?menu=	https://en.wikipedia.org/wiki/Podgorica_	Podgorica Airbase, Golubovci Airbase, ??	Montenegro	10
4617	LZIB	large_airport	M. R. Štefánik Airport	48.17020034790039	17.21269989013672	436	EU	SK	SK-BL	Bratislava	yes	LZIB	BTS			https://en.wikipedia.org/wiki/M._R._%C5%		Slovakia	22
6481	UKLL	large_airport	Lviv International Airport	49.8125	23.9561	1071	EU	UA	UA-46	Lviv	yes	UKLL	LWO		http://www.airport.lviv.ua/index.php?id=	https://en.wikipedia.org/wiki/Lviv_Inter	??????????? ???????? "?????"	Ukraina	4
6501	UMMS	large_airport	Minsk National Airport	53.888071	28.039964	670	EU	BY	BY-MI	Minsk	yes	UMMS	MSQ		http://airport.by/en	https://en.wikipedia.org/wiki/Minsk_Nati	??????????? ????????, Minsk 2 Airport	Valko-Venäjä	10
26396	UUEE	large_airport	Sheremetyevo International Airport	55.972599	37.4146	622	EU	RU	RU-MOS	Moscow	yes	UUEE	SVO		http://www.svo.aero/en/	https://en.wikipedia.org/wiki/Sheremetye	MOW, ????????????? ???????? ???????????,	Venäjä	12
